TN:
SF:src/api/auth.js
FN:6,(anonymous_0)
FN:10,(anonymous_1)
FN:16,(anonymous_2)
FN:22,(anonymous_3)
FN:26,(anonymous_4)
FN:30,(anonymous_5)
FN:34,(anonymous_6)
FN:38,(anonymous_7)
FN:42,(anonymous_8)
FNF:9
FNH:9
FNDA:1,(anonymous_0)
FNDA:2,(anonymous_1)
FNDA:1,(anonymous_2)
FNDA:1,(anonymous_3)
FNDA:1,(anonymous_4)
FNDA:1,(anonymous_5)
FNDA:1,(anonymous_6)
FNDA:1,(anonymous_7)
FNDA:1,(anonymous_8)
DA:4,1
DA:7,1
DA:11,2
DA:12,2
DA:17,1
DA:18,1
DA:23,1
DA:27,1
DA:31,1
DA:35,1
DA:39,1
DA:43,1
LF:12
LH:12
BRF:0
BRH:0
end_of_record
TN:
SF:src/api/client.js
FN:17,(anonymous_0)
FN:24,(anonymous_1)
FN:29,(anonymous_2)
FN:30,(anonymous_3)
FNF:4
FNH:0
FNDA:0,(anonymous_0)
FNDA:0,(anonymous_1)
FNDA:0,(anonymous_2)
FNDA:0,(anonymous_3)
DA:5,1
DA:7,1
DA:16,1
DA:18,0
DA:19,0
DA:20,0
DA:22,0
DA:24,0
DA:28,1
DA:29,0
DA:32,0
DA:33,0
DA:36,0
DA:43,0
DA:44,0
DA:45,0
DA:47,0
LF:17
LH:4
BRDA:5,0,0,1
BRDA:5,0,1,1
BRDA:19,1,0,0
BRDA:19,1,1,0
BRDA:36,2,0,0
BRDA:36,2,1,0
BRDA:36,2,2,0
BRDA:36,2,3,0
BRDA:36,2,4,0
BRDA:39,3,0,0
BRDA:39,3,1,0
BRDA:45,4,0,0
BRDA:45,4,1,0
BRF:13
BRH:2
end_of_record
TN:
SF:src/api/users.js
FN:5,(anonymous_0)
FN:10,(anonymous_1)
FNF:2
FNH:2
FNDA:1,(anonymous_0)
FNDA:1,(anonymous_1)
DA:3,1
DA:6,1
DA:11,1
LF:3
LH:3
BRF:0
BRH:0
end_of_record
TN:
SF:src/components/AppButton.js
FN:5,AppButton
FN:15,(anonymous_1)
FN:27,(anonymous_2)
FNF:3
FNH:3
FNDA:268,AppButton
FNDA:268,(anonymous_1)
FNDA:266,(anonymous_2)
DA:15,268
DA:16,268
DA:18,21
DA:20,143
DA:23,104
DA:27,268
DA:28,266
DA:30,21
DA:32,143
DA:35,102
DA:39,268
DA:62,6
LF:12
LH:12
BRDA:8,0,0,104
BRDA:9,1,0,171
BRDA:10,2,0,261
BRDA:16,3,0,21
BRDA:16,3,1,143
BRDA:16,3,2,104
BRDA:16,3,3,104
BRDA:28,4,0,21
BRDA:28,4,1,143
BRDA:28,4,2,102
BRDA:28,4,3,102
BRDA:44,5,0,3
BRDA:44,5,1,265
BRDA:44,6,0,268
BRDA:44,6,1,267
BRDA:48,7,0,268
BRDA:48,7,1,267
BRDA:52,8,0,2
BRDA:52,8,1,266
BRDA:53,9,0,2
BRDA:53,9,1,0
BRF:21
BRH:20
end_of_record
TN:
SF:src/components/AppInput.js
FN:5,AppInput
FNF:1
FNH:1
FNDA:207,AppInput
DA:13,207
DA:36,6
LF:2
LH:2
BRDA:15,0,0,206
BRDA:15,0,1,1
BRDA:16,1,0,6
BRDA:16,1,1,201
BRDA:25,2,0,207
BRDA:25,2,1,79
BRDA:27,3,0,78
BRDA:27,3,1,1
BRDA:31,4,0,6
BRDA:31,4,1,201
BRF:10
BRH:10
end_of_record
TN:
SF:src/context/AuthContext.js
FN:9,AuthProvider
FN:14,(anonymous_1)
FN:15,(anonymous_2)
FN:32,(anonymous_3)
FN:33,(anonymous_4)
FN:35,(anonymous_5)
FN:50,(anonymous_6)
FN:64,(anonymous_7)
FN:83,useAuth
FNF:9
FNH:9
FNDA:8,AuthProvider
FNDA:4,(anonymous_1)
FNDA:4,(anonymous_2)
FNDA:1,(anonymous_3)
FNDA:2,(anonymous_4)
FNDA:1,(anonymous_5)
FNDA:1,(anonymous_6)
FNDA:1,(anonymous_7)
FNDA:10,useAuth
DA:7,1
DA:10,8
DA:11,8
DA:14,8
DA:15,4
DA:16,4
DA:17,4
DA:18,4
DA:19,4
DA:20,1
DA:23,0
DA:25,4
DA:28,4
DA:32,8
DA:33,8
DA:35,8
DA:36,1
DA:37,1
DA:40,1
DA:41,1
DA:44,1
DA:46,1
DA:47,1
DA:50,8
DA:51,1
DA:52,1
DA:55,0
DA:57,1
DA:58,1
DA:59,1
DA:60,1
DA:64,8
DA:66,1
DA:69,1
DA:70,1
DA:71,1
DA:72,1
DA:75,8
DA:84,10
DA:85,10
DA:86,8
LF:41
LH:39
BRDA:19,0,0,1
BRDA:19,0,1,3
BRDA:19,1,0,4
BRDA:19,1,1,1
BRDA:85,2,0,2
BRDA:85,2,1,8
BRF:6
BRH:6
end_of_record
TN:
SF:src/screens/ForgotPasswordScreen.js
FN:8,ForgotPasswordScreen
FN:14,(anonymous_1)
FN:53,(anonymous_2)
FN:93,(anonymous_3)
FNF:4
FNH:4
FNDA:16,ForgotPasswordScreen
FNDA:5,(anonymous_1)
FNDA:1,(anonymous_2)
FNDA:1,(anonymous_3)
DA:9,16
DA:10,16
DA:11,16
DA:12,16
DA:14,16
DA:15,5
DA:16,1
DA:17,1
DA:20,4
DA:21,4
DA:22,4
DA:26,4
DA:27,2
DA:30,2
DA:31,1
DA:33,1
DA:36,4
DA:40,16
DA:41,3
DA:53,1
DA:61,13
DA:93,1
DA:101,1
LF:23
LH:23
BRDA:15,0,0,1
BRDA:15,0,1,4
BRDA:30,1,0,1
BRDA:30,1,1,1
BRDA:33,2,0,1
BRDA:33,2,1,0
BRDA:40,3,0,3
BRDA:40,3,1,13
BRDA:64,4,0,13
BRDA:64,4,1,0
BRDA:73,5,0,2
BRDA:73,5,1,11
BRF:12
BRH:10
end_of_record
TN:
SF:src/screens/HomeScreen.js
FN:6,HomeScreen
FNF:1
FNH:1
FNDA:1,HomeScreen
DA:7,1
DA:9,1
DA:21,1
LF:3
LH:3
BRF:0
BRH:0
end_of_record
TN:
SF:src/screens/LoginScreen.js
FN:9,LoginScreen
FN:21,(anonymous_1)
FN:27,(anonymous_2)
FN:48,(anonymous_3)
FN:99,(anonymous_4)
FN:106,(anonymous_5)
FN:131,(anonymous_6)
FNF:7
FNH:6
FNDA:34,LoginScreen
FNDA:12,(anonymous_1)
FNDA:4,(anonymous_2)
FNDA:3,(anonymous_3)
FNDA:0,(anonymous_4)
FNDA:1,(anonymous_5)
FNDA:1,(anonymous_6)
DA:10,34
DA:12,34
DA:13,34
DA:14,34
DA:15,34
DA:16,34
DA:17,34
DA:18,34
DA:21,34
DA:22,12
DA:23,4
DA:27,34
DA:28,4
DA:29,4
DA:30,4
DA:31,4
DA:32,4
DA:34,3
DA:35,1
DA:37,2
DA:39,2
DA:40,1
DA:44,4
DA:48,34
DA:49,3
DA:50,1
DA:51,1
DA:54,2
DA:55,2
DA:56,2
DA:57,1
DA:60,1
DA:61,1
DA:63,0
DA:66,2
DA:70,34
DA:99,0
DA:106,1
DA:131,1
DA:139,1
LF:40
LH:38
BRDA:22,0,0,4
BRDA:22,0,1,8
BRDA:34,1,0,1
BRDA:34,1,1,2
BRDA:37,2,0,2
BRDA:37,2,1,0
BRDA:39,3,0,1
BRDA:39,3,1,1
BRDA:39,4,0,2
BRDA:39,4,1,2
BRDA:49,5,0,1
BRDA:49,5,1,2
BRDA:49,6,0,3
BRDA:49,6,1,2
BRDA:60,7,0,1
BRDA:60,7,1,0
BRDA:63,8,0,0
BRDA:63,8,1,0
BRDA:73,9,0,34
BRDA:73,9,1,0
BRDA:82,10,0,2
BRDA:82,10,1,32
BRDA:89,11,0,1
BRDA:89,11,1,33
BRDA:100,12,0,0
BRDA:100,12,1,34
BRDA:110,13,0,34
BRDA:110,13,1,9
BRF:28
BRH:22
end_of_record
TN:
SF:src/screens/ProfileScreen.js
FN:8,ProfileScreen
FN:17,(anonymous_1)
FN:37,(anonymous_2)
FN:72,(anonymous_3)
FNF:4
FNH:4
FNDA:14,ProfileScreen
FNDA:2,(anonymous_1)
FNDA:1,(anonymous_2)
FNDA:4,(anonymous_3)
DA:9,14
DA:12,14
DA:13,14
DA:14,14
DA:15,14
DA:17,14
DA:18,2
DA:19,1
DA:20,1
DA:23,1
DA:24,1
DA:25,1
DA:26,1
DA:28,1
DA:30,0
DA:31,0
DA:33,1
DA:37,14
DA:38,1
DA:39,1
DA:40,1
DA:43,14
DA:72,4
DA:143,1
LF:24
LH:22
BRDA:18,0,0,1
BRDA:18,0,1,1
BRDA:31,1,0,0
BRDA:31,1,1,0
BRDA:62,2,0,14
BRDA:62,2,1,0
BRDA:98,3,0,14
BRDA:98,3,1,0
BRF:8
BRH:4
end_of_record
TN:
SF:src/screens/RegisterScreen.js
FN:8,RegisterScreen
FN:17,(anonymous_1)
FN:28,(anonymous_2)
FN:79,(anonymous_3)
FN:97,(anonymous_4)
FNF:5
FNH:4
FNDA:27,RegisterScreen
FNDA:5,(anonymous_1)
FNDA:1,(anonymous_2)
FNDA:0,(anonymous_3)
FNDA:1,(anonymous_4)
DA:9,27
DA:10,27
DA:11,27
DA:12,27
DA:13,27
DA:14,27
DA:15,27
DA:17,27
DA:18,5
DA:19,5
DA:20,5
DA:21,5
DA:23,5
DA:25,2
DA:28,1
DA:31,3
DA:32,1
DA:34,2
DA:37,5
DA:41,27
DA:79,0
DA:97,1
DA:105,1
LF:23
LH:22
BRDA:31,0,0,1
BRDA:31,0,1,2
BRDA:34,1,0,2
BRDA:34,1,1,1
BRDA:44,2,0,27
BRDA:44,2,1,0
BRDA:53,3,0,2
BRDA:53,3,1,25
BRDA:60,4,0,1
BRDA:60,4,1,26
BRDA:69,5,0,0
BRDA:69,5,1,27
BRDA:80,6,0,0
BRDA:80,6,1,27
BRF:14
BRH:11
end_of_record
TN:
SF:src/screens/ResetPasswordScreen.js
FN:8,ResetPasswordScreen
FN:22,(anonymous_1)
FN:23,(anonymous_2)
FN:43,(anonymous_3)
FN:67,(anonymous_4)
FN:99,(anonymous_5)
FN:128,(anonymous_6)
FN:151,(anonymous_7)
FNF:8
FNH:5
FNDA:25,ResetPasswordScreen
FNDA:7,(anonymous_1)
FNDA:7,(anonymous_2)
FNDA:4,(anonymous_3)
FNDA:1,(anonymous_4)
FNDA:0,(anonymous_5)
FNDA:0,(anonymous_6)
FNDA:0,(anonymous_7)
DA:9,25
DA:11,25
DA:12,25
DA:13,25
DA:14,25
DA:15,25
DA:16,25
DA:17,25
DA:18,25
DA:19,25
DA:22,25
DA:23,7
DA:24,7
DA:25,0
DA:26,0
DA:27,0
DA:30,7
DA:31,7
DA:34,1
DA:36,6
DA:40,7
DA:43,25
DA:45,4
DA:46,1
DA:47,1
DA:51,3
DA:52,0
DA:53,0
DA:56,3
DA:57,3
DA:58,3
DA:59,3
DA:61,3
DA:63,2
DA:64,2
DA:67,1
DA:70,1
DA:71,1
DA:73,0
DA:76,3
DA:80,25
DA:81,7
DA:91,18
DA:92,1
DA:99,0
DA:107,17
DA:128,0
DA:151,0
DA:159,1
LF:49
LH:40
BRDA:9,0,0,25
BRDA:9,0,1,0
BRDA:24,1,0,0
BRDA:24,1,1,7
BRDA:34,2,0,1
BRDA:34,2,1,0
BRDA:45,3,0,1
BRDA:45,3,1,3
BRDA:51,4,0,0
BRDA:51,4,1,3
BRDA:70,5,0,1
BRDA:70,5,1,0
BRDA:73,6,0,0
BRDA:73,6,1,0
BRDA:80,7,0,7
BRDA:80,7,1,18
BRDA:91,8,0,1
BRDA:91,8,1,17
BRDA:110,9,0,17
BRDA:110,9,1,0
BRDA:119,10,0,0
BRDA:119,10,1,17
BRDA:129,11,0,1
BRDA:129,11,1,16
BRF:24
BRH:15
end_of_record
