TN:
SF:src/api/auth.js
FN:6,(anonymous_0)
FN:10,(anonymous_1)
FN:16,(anonymous_2)
FN:22,(anonymous_3)
FN:26,(anonymous_4)
FN:30,(anonymous_5)
FN:34,(anonymous_6)
FN:38,(anonymous_7)
FN:42,(anonymous_8)
FNF:9
FNH:9
FNDA:1,(anonymous_0)
FNDA:2,(anonymous_1)
FNDA:1,(anonymous_2)
FNDA:1,(anonymous_3)
FNDA:1,(anonymous_4)
FNDA:1,(anonymous_5)
FNDA:1,(anonymous_6)
FNDA:1,(anonymous_7)
FNDA:1,(anonymous_8)
DA:4,1
DA:7,1
DA:11,2
DA:12,2
DA:17,1
DA:18,1
DA:23,1
DA:27,1
DA:31,1
DA:35,1
DA:39,1
DA:43,1
LF:12
LH:12
BRF:0
BRH:0
end_of_record
TN:
SF:src/api/client.js
FN:17,(anonymous_0)
FN:24,(anonymous_1)
FN:29,(anonymous_2)
FN:30,(anonymous_3)
FNF:4
FNH:0
FNDA:0,(anonymous_0)
FNDA:0,(anonymous_1)
FNDA:0,(anonymous_2)
FNDA:0,(anonymous_3)
DA:5,1
DA:7,1
DA:16,1
DA:18,0
DA:19,0
DA:20,0
DA:22,0
DA:24,0
DA:28,1
DA:29,0
DA:32,0
DA:33,0
DA:36,0
DA:43,0
DA:44,0
DA:45,0
DA:47,0
LF:17
LH:4
BRDA:5,0,0,1
BRDA:5,0,1,1
BRDA:19,1,0,0
BRDA:19,1,1,0
BRDA:36,2,0,0
BRDA:36,2,1,0
BRDA:36,2,2,0
BRDA:36,2,3,0
BRDA:36,2,4,0
BRDA:39,3,0,0
BRDA:39,3,1,0
BRDA:45,4,0,0
BRDA:45,4,1,0
BRF:13
BRH:2
end_of_record
TN:
SF:src/api/users.js
FN:5,(anonymous_0)
FN:9,(anonymous_1)
FN:13,(anonymous_2)
FNF:3
FNH:2
FNDA:1,(anonymous_0)
FNDA:1,(anonymous_1)
FNDA:0,(anonymous_2)
DA:3,1
DA:6,1
DA:10,1
DA:14,0
LF:4
LH:3
BRF:0
BRH:0
end_of_record
TN:
SF:src/components/AppButton.js
FN:5,AppButton
FN:15,(anonymous_1)
FN:27,(anonymous_2)
FNF:3
FNH:3
FNDA:321,AppButton
FNDA:321,(anonymous_1)
FNDA:319,(anonymous_2)
DA:15,321
DA:16,321
DA:18,59
DA:20,152
DA:23,110
DA:27,321
DA:28,319
DA:30,59
DA:32,152
DA:35,108
DA:39,321
DA:62,6
LF:12
LH:12
BRDA:8,0,0,110
BRDA:9,1,0,218
BRDA:10,2,0,308
BRDA:16,3,0,59
BRDA:16,3,1,152
BRDA:16,3,2,110
BRDA:16,3,3,110
BRDA:28,4,0,59
BRDA:28,4,1,152
BRDA:28,4,2,108
BRDA:28,4,3,108
BRDA:44,5,0,3
BRDA:44,5,1,318
BRDA:44,6,0,321
BRDA:44,6,1,320
BRDA:48,7,0,321
BRDA:48,7,1,320
BRDA:52,8,0,2
BRDA:52,8,1,319
BRDA:53,9,0,2
BRDA:53,9,1,0
BRF:21
BRH:20
end_of_record
TN:
SF:src/components/AppInput.js
FN:5,AppInput
FNF:1
FNH:1
FNDA:225,AppInput
DA:13,225
DA:36,6
LF:2
LH:2
BRDA:15,0,0,224
BRDA:15,0,1,1
BRDA:16,1,0,6
BRDA:16,1,1,219
BRDA:25,2,0,225
BRDA:25,2,1,79
BRDA:27,3,0,78
BRDA:27,3,1,1
BRDA:31,4,0,6
BRDA:31,4,1,219
BRF:10
BRH:10
end_of_record
TN:
SF:src/context/AuthContext.js
FN:9,AuthProvider
FN:14,(anonymous_1)
FN:15,(anonymous_2)
FN:32,(anonymous_3)
FN:33,(anonymous_4)
FN:35,(anonymous_5)
FN:52,(anonymous_6)
FN:66,(anonymous_7)
FN:77,(anonymous_8)
FN:93,useAuth
FNF:10
FNH:10
FNDA:10,AuthProvider
FNDA:5,(anonymous_1)
FNDA:5,(anonymous_2)
FNDA:1,(anonymous_3)
FNDA:2,(anonymous_4)
FNDA:1,(anonymous_5)
FNDA:1,(anonymous_6)
FNDA:1,(anonymous_7)
FNDA:1,(anonymous_8)
FNDA:12,useAuth
DA:7,1
DA:10,10
DA:11,10
DA:14,10
DA:15,5
DA:16,5
DA:17,5
DA:18,5
DA:19,5
DA:20,1
DA:23,0
DA:25,5
DA:28,5
DA:32,10
DA:33,10
DA:35,10
DA:36,1
DA:37,1
DA:40,1
DA:43,1
DA:46,1
DA:48,1
DA:49,1
DA:52,10
DA:53,1
DA:54,1
DA:57,0
DA:59,1
DA:60,1
DA:61,1
DA:62,1
DA:66,10
DA:68,1
DA:71,1
DA:72,1
DA:73,1
DA:74,1
DA:77,10
DA:78,1
DA:80,1
DA:81,1
DA:82,1
DA:85,10
DA:94,12
DA:95,12
DA:96,10
LF:46
LH:44
BRDA:19,0,0,1
BRDA:19,0,1,4
BRDA:19,1,0,5
BRDA:19,1,1,1
BRDA:95,2,0,2
BRDA:95,2,1,10
BRF:6
BRH:6
end_of_record
TN:
SF:src/screens/ForgotPasswordScreen.js
FN:8,ForgotPasswordScreen
FN:14,(anonymous_1)
FN:53,(anonymous_2)
FN:93,(anonymous_3)
FNF:4
FNH:4
FNDA:16,ForgotPasswordScreen
FNDA:5,(anonymous_1)
FNDA:1,(anonymous_2)
FNDA:1,(anonymous_3)
DA:9,16
DA:10,16
DA:11,16
DA:12,16
DA:14,16
DA:15,5
DA:16,1
DA:17,1
DA:20,4
DA:21,4
DA:22,4
DA:26,4
DA:27,2
DA:30,2
DA:31,1
DA:33,1
DA:36,4
DA:40,16
DA:41,3
DA:53,1
DA:61,13
DA:93,1
DA:101,1
LF:23
LH:23
BRDA:15,0,0,1
BRDA:15,0,1,4
BRDA:30,1,0,1
BRDA:30,1,1,1
BRDA:33,2,0,1
BRDA:33,2,1,0
BRDA:40,3,0,3
BRDA:40,3,1,13
BRDA:64,4,0,13
BRDA:64,4,1,0
BRDA:73,5,0,2
BRDA:73,5,1,11
BRF:12
BRH:10
end_of_record
TN:
SF:src/screens/HomeScreen.js
FN:6,HomeScreen
FNF:1
FNH:1
FNDA:1,HomeScreen
DA:7,1
DA:9,1
DA:21,1
LF:3
LH:3
BRF:0
BRH:0
end_of_record
TN:
SF:src/screens/LoginScreen.js
FN:9,LoginScreen
FN:21,(anonymous_1)
FN:27,(anonymous_2)
FN:48,(anonymous_3)
FN:99,(anonymous_4)
FN:106,(anonymous_5)
FN:131,(anonymous_6)
FNF:7
FNH:6
FNDA:34,LoginScreen
FNDA:12,(anonymous_1)
FNDA:4,(anonymous_2)
FNDA:3,(anonymous_3)
FNDA:0,(anonymous_4)
FNDA:1,(anonymous_5)
FNDA:1,(anonymous_6)
DA:10,34
DA:12,34
DA:13,34
DA:14,34
DA:15,34
DA:16,34
DA:17,34
DA:18,34
DA:21,34
DA:22,12
DA:23,4
DA:27,34
DA:28,4
DA:29,4
DA:30,4
DA:31,4
DA:32,4
DA:34,3
DA:35,1
DA:37,2
DA:39,2
DA:40,1
DA:44,4
DA:48,34
DA:49,3
DA:50,1
DA:51,1
DA:54,2
DA:55,2
DA:56,2
DA:57,1
DA:60,1
DA:61,1
DA:63,0
DA:66,2
DA:70,34
DA:99,0
DA:106,1
DA:131,1
DA:139,1
LF:40
LH:38
BRDA:22,0,0,4
BRDA:22,0,1,8
BRDA:34,1,0,1
BRDA:34,1,1,2
BRDA:37,2,0,2
BRDA:37,2,1,0
BRDA:39,3,0,1
BRDA:39,3,1,1
BRDA:39,4,0,2
BRDA:39,4,1,2
BRDA:49,5,0,1
BRDA:49,5,1,2
BRDA:49,6,0,3
BRDA:49,6,1,2
BRDA:60,7,0,1
BRDA:60,7,1,0
BRDA:63,8,0,0
BRDA:63,8,1,0
BRDA:73,9,0,34
BRDA:73,9,1,0
BRDA:82,10,0,2
BRDA:82,10,1,32
BRDA:89,11,0,1
BRDA:89,11,1,33
BRDA:100,12,0,0
BRDA:100,12,1,34
BRDA:110,13,0,34
BRDA:110,13,1,9
BRF:28
BRH:22
end_of_record
TN:
SF:src/screens/ProfileScreen.js
FN:8,ProfileScreen
FN:18,(anonymous_1)
FN:25,(anonymous_2)
FN:51,(anonymous_3)
FN:71,(anonymous_4)
FN:114,(anonymous_5)
FN:136,(anonymous_6)
FN:175,(anonymous_7)
FNF:8
FNH:6
FNDA:23,ProfileScreen
FNDA:2,(anonymous_1)
FNDA:2,(anonymous_2)
FNDA:2,(anonymous_3)
FNDA:1,(anonymous_4)
FNDA:4,(anonymous_5)
FNDA:0,(anonymous_6)
FNDA:0,(anonymous_7)
DA:9,23
DA:12,23
DA:13,23
DA:14,23
DA:15,23
DA:16,23
DA:18,23
DA:19,2
DA:20,2
DA:21,2
DA:22,2
DA:25,23
DA:26,2
DA:27,2
DA:28,1
DA:29,1
DA:32,1
DA:33,1
DA:34,1
DA:35,1
DA:36,1
DA:38,0
DA:39,0
DA:41,1
DA:46,23
DA:47,23
DA:48,23
DA:49,23
DA:51,23
DA:52,2
DA:53,1
DA:54,1
DA:57,1
DA:58,1
DA:59,1
DA:60,1
DA:62,1
DA:64,0
DA:65,0
DA:67,1
DA:71,23
DA:72,1
DA:73,1
DA:74,1
DA:77,23
DA:114,4
DA:136,0
DA:175,0
DA:245,1
LF:49
LH:43
BRDA:19,0,0,2
BRDA:19,0,1,0
BRDA:20,1,0,2
BRDA:20,1,1,2
BRDA:27,2,0,1
BRDA:27,2,1,1
BRDA:38,3,0,0
BRDA:38,3,1,0
BRDA:38,3,2,0
BRDA:52,4,0,1
BRDA:52,4,1,1
BRDA:65,5,0,0
BRDA:65,5,1,0
BRDA:85,6,0,0
BRDA:85,6,1,23
BRDA:104,7,0,23
BRDA:104,7,1,0
BRDA:140,8,0,23
BRDA:140,8,1,0
BRDA:146,9,0,1
BRDA:146,9,1,22
BRDA:200,10,0,23
BRDA:200,10,1,0
BRF:23
BRH:13
end_of_record
TN:
SF:src/screens/RegisterScreen.js
FN:8,RegisterScreen
FN:17,(anonymous_1)
FN:28,(anonymous_2)
FN:79,(anonymous_3)
FN:97,(anonymous_4)
FNF:5
FNH:4
FNDA:27,RegisterScreen
FNDA:5,(anonymous_1)
FNDA:1,(anonymous_2)
FNDA:0,(anonymous_3)
FNDA:1,(anonymous_4)
DA:9,27
DA:10,27
DA:11,27
DA:12,27
DA:13,27
DA:14,27
DA:15,27
DA:17,27
DA:18,5
DA:19,5
DA:20,5
DA:21,5
DA:23,5
DA:25,2
DA:28,1
DA:31,3
DA:32,1
DA:34,2
DA:37,5
DA:41,27
DA:79,0
DA:97,1
DA:105,1
LF:23
LH:22
BRDA:31,0,0,1
BRDA:31,0,1,2
BRDA:34,1,0,2
BRDA:34,1,1,1
BRDA:44,2,0,27
BRDA:44,2,1,0
BRDA:53,3,0,2
BRDA:53,3,1,25
BRDA:60,4,0,1
BRDA:60,4,1,26
BRDA:69,5,0,0
BRDA:69,5,1,27
BRDA:80,6,0,0
BRDA:80,6,1,27
BRF:14
BRH:11
end_of_record
TN:
SF:src/screens/ResetPasswordScreen.js
FN:8,ResetPasswordScreen
FN:22,(anonymous_1)
FN:23,(anonymous_2)
FN:43,(anonymous_3)
FN:67,(anonymous_4)
FN:99,(anonymous_5)
FN:128,(anonymous_6)
FN:151,(anonymous_7)
FNF:8
FNH:5
FNDA:25,ResetPasswordScreen
FNDA:7,(anonymous_1)
FNDA:7,(anonymous_2)
FNDA:4,(anonymous_3)
FNDA:1,(anonymous_4)
FNDA:0,(anonymous_5)
FNDA:0,(anonymous_6)
FNDA:0,(anonymous_7)
DA:9,25
DA:11,25
DA:12,25
DA:13,25
DA:14,25
DA:15,25
DA:16,25
DA:17,25
DA:18,25
DA:19,25
DA:22,25
DA:23,7
DA:24,7
DA:25,0
DA:26,0
DA:27,0
DA:30,7
DA:31,7
DA:34,1
DA:36,6
DA:40,7
DA:43,25
DA:45,4
DA:46,1
DA:47,1
DA:51,3
DA:52,0
DA:53,0
DA:56,3
DA:57,3
DA:58,3
DA:59,3
DA:61,3
DA:63,2
DA:64,2
DA:67,1
DA:70,1
DA:71,1
DA:73,0
DA:76,3
DA:80,25
DA:81,7
DA:91,18
DA:92,1
DA:99,0
DA:107,17
DA:128,0
DA:151,0
DA:159,1
LF:49
LH:40
BRDA:9,0,0,25
BRDA:9,0,1,0
BRDA:24,1,0,0
BRDA:24,1,1,7
BRDA:34,2,0,1
BRDA:34,2,1,0
BRDA:45,3,0,1
BRDA:45,3,1,3
BRDA:51,4,0,0
BRDA:51,4,1,3
BRDA:70,5,0,1
BRDA:70,5,1,0
BRDA:73,6,0,0
BRDA:73,6,1,0
BRDA:80,7,0,7
BRDA:80,7,1,18
BRDA:91,8,0,1
BRDA:91,8,1,17
BRDA:110,9,0,17
BRDA:110,9,1,0
BRDA:119,10,0,0
BRDA:119,10,1,17
BRDA:129,11,0,1
BRDA:129,11,1,16
BRF:24
BRH:15
end_of_record
